================================================================================
2022-11-30 17:07:12
========================
	File    : /mnt/Emile/silassare/ozone/oz/Cli/Utils/Utils.php
	Line    : 101
	Code    : 0
	Message : Database access assertion failed.
	Data    : []
	Class   : OZONE\OZ\Exceptions\RuntimeException
	Trace   : #0 /mnt/Emile/silassare/ozone/oz/Cli/Cmd/Db.php(258): OZONE\OZ\Cli\Utils\Utils::assertDatabaseAccess()
#1 /mnt/Emile/silassare/ozone/oz/Cli/Cmd/Db.php(55): OZONE\OZ\Cli\Cmd\Db->build()
#2 /mnt/Emile/silassare/ozone/vendor/silassare/kli/src/Kli.php(96): OZONE\OZ\Cli\Cmd\Db->execute()
#3 /mnt/Emile/silassare/ozone/oz/Cli/Cli.php(117): Kli\Kli->execute()
#4 /mnt/Emile/silassare/ozone/oz/index.php(25): OZONE\OZ\Cli\Cli::run()
#5 /mnt/Emile/silassare/ozone/bin/oz(12): require_once('...')
#6 {main}
========previous========
	File    : /mnt/Emile/silassare/ozone/vendor/silassare/gobl/src/DBAL/Drivers/MySQL/MySQL.php
	Line    : 70
	Code    : 2002
	Message : SQLSTATE[HY000] [2002] php_network_getaddresses: getaddrinfo for __db_host__ failed: Temporary failure in name resolution
	Data    : []
	Class   : PDOException
	Trace   : #0 /mnt/Emile/silassare/ozone/vendor/silassare/gobl/src/DBAL/Drivers/MySQL/MySQL.php(70): PDO->__construct()
#1 /mnt/Emile/silassare/ozone/vendor/silassare/gobl/src/DBAL/Db.php(138): Gobl\DBAL\Drivers\MySQL\MySQL->connect()
#2 /mnt/Emile/silassare/ozone/oz/Cli/Utils/Utils.php(99): Gobl\DBAL\Db->getConnection()
#3 /mnt/Emile/silassare/ozone/oz/Cli/Cmd/Db.php(258): OZONE\OZ\Cli\Utils\Utils::assertDatabaseAccess()
#4 /mnt/Emile/silassare/ozone/oz/Cli/Cmd/Db.php(55): OZONE\OZ\Cli\Cmd\Db->build()
#5 /mnt/Emile/silassare/ozone/vendor/silassare/kli/src/Kli.php(96): OZONE\OZ\Cli\Cmd\Db->execute()
#6 /mnt/Emile/silassare/ozone/oz/Cli/Cli.php(117): Kli\Kli->execute()
#7 /mnt/Emile/silassare/ozone/oz/index.php(25): OZONE\OZ\Cli\Cli::run()
#8 /mnt/Emile/silassare/ozone/bin/oz(12): require_once('...')
#9 {main}
========previous========
	File    : /mnt/Emile/silassare/ozone/vendor/silassare/gobl/src/DBAL/Drivers/MySQL/MySQL.php
	Line    : 70
	Code    : 0
	Message : PDO::__construct(): php_network_getaddresses: getaddrinfo for __db_host__ failed: Temporary failure in name resolution
	Data    : []
	Class   : PDOException
	Trace   : #0 /mnt/Emile/silassare/ozone/vendor/silassare/gobl/src/DBAL/Drivers/MySQL/MySQL.php(70): PDO->__construct()
#1 /mnt/Emile/silassare/ozone/vendor/silassare/gobl/src/DBAL/Db.php(138): Gobl\DBAL\Drivers\MySQL\MySQL->connect()
#2 /mnt/Emile/silassare/ozone/oz/Cli/Utils/Utils.php(99): Gobl\DBAL\Db->getConnection()
#3 /mnt/Emile/silassare/ozone/oz/Cli/Cmd/Db.php(258): OZONE\OZ\Cli\Utils\Utils::assertDatabaseAccess()
#4 /mnt/Emile/silassare/ozone/oz/Cli/Cmd/Db.php(55): OZONE\OZ\Cli\Cmd\Db->build()
#5 /mnt/Emile/silassare/ozone/vendor/silassare/kli/src/Kli.php(96): OZONE\OZ\Cli\Cmd\Db->execute()
#6 /mnt/Emile/silassare/ozone/oz/Cli/Cli.php(117): Kli\Kli->execute()
#7 /mnt/Emile/silassare/ozone/oz/index.php(25): OZONE\OZ\Cli\Cli::run()
#8 /mnt/Emile/silassare/ozone/bin/oz(12): require_once('...')
#9 {main}

